
============================================================
分析章节 014: 十二诸侯年表
============================================================
✗ 未发现疑似韵文段落（阈值 > 0.6）

============================================================
分析章节 015: 六国年表
============================================================
✓ 发现 3 个疑似韵文段落：

【段落 1】
  位置: 第 177 行起，共 3 行
  韵文得分: 0.65
  字数分布: {29: 2, 5: 4, 4: 7, 10: 2, 2: 2, 6: 1, 20: 1, 1: 2, 3: 1, 13: 1, 40: 1, 17: 1}
  内容预览:
    |  [r105]  |  四  |  十三  |  十五。卫〖@声公〗〖%元年〗。败赵〖=北蔺〗。  |  五  |  三。伐卫，取都鄙七十三。魏败我蔺。  |  九  |  〖@燕桓公〗〖%元年〗  |  七。宋〖@辟公〗〖%元年〗。  |
    |  [r106]  |  五  |  十四  |  十六。伐楚，取〖=鲁阳〗。  |  六。〖@韩严〗杀其君。  |  四  |  十。魏取我〖=鲁阳〗。  |  二  |  八  |
    |  [r107]  |  六  |  十五  |  〖@惠王〗〖%元年〗  |  〖@庄侯〗〖%元年〗。  |  五。伐齐于甄。魏败我怀。  |  十一  |  三  |  九。赵伐我甄。  |

【段落 2】
  位置: 第 187 行起，共 3 行
  韵文得分: 0.62
  字数分布: {23: 1, 5: 7, 4: 10, 21: 1, 25: 1, 37: 1, 15: 1, 41: 1}
  内容预览:
    |  [r115]  |  七  |  二十三。与魏战〖=少梁〗，虏其太子。  |  九。与秦战〖=少梁〗，虏我太子。  |  九。魏败我于浍。大雨〖%三月〗。  |  十三。魏败我于浍。  |  八  |  十一  |  十七  |
    |  [r116]  |  八  |  秦〖@孝公〗〖%元年〗。〖!彗星〗见〖=西方〗。  |  十。取赵〖=皮牢〗。〖@卫成侯〗〖%元年〗。  |  十  |  十四  |  九  |  〖@燕文公〗〖%元年〗  |  十八  |
    |  [r117]  |  九。致胙于秦。  |  二。〖#天子〗致胙。  |  十一  |  十一  |  十五  |  十  |  二  |  十九  |

【段落 3】
  位置: 第 231 行起，共 3 行
  韵文得分: 0.72
  字数分布: {21: 3, 5: 10, 4: 13, 8: 2, 1: 2, 6: 2, 17: 2, 2: 2, 7: 3, 11: 1, 3: 1}
  内容预览:
    |  [r159]  |  三  |  七。五国共击秦，不胜而还。  |  〖@魏哀王〗〖%元年〗。击秦不胜。  |  十五。击秦不胜。  |  八。击秦不胜。  |  十一。击秦不胜。  |  三。击秦不胜。  |  六。宋自立为王。  |
    |  [r160]  |  四  |  八。与韩、赵战，〖[斩首〗八万。〖@张仪〗复相。  |  二。齐败我〖=观泽〗。  |  十六。秦败我〖=修鱼〗，得〖;将军〗〖@申差〗。  |  九。与韩、魏击秦。齐败我〖=观泽〗。  |  十二  |  四  |  七。败魏、赵〖=观泽〗。  |
    |  [r161]  |  五  |  九。击蜀，灭之。取赵〖=中都〗、〖=西阳〗。  |  三  |  十七  |  十。秦取我〖=中都〗、〖=西阳〗。  |  十三  |  五。君让其臣子之国，顾为臣。  |  八  |


============================================================
分析章节 016: 秦楚之际月表
============================================================
✗ 未发现疑似韵文段落（阈值 > 0.6）

============================================================
分析章节 017: 汉兴以来诸侯王年表
============================================================
✗ 未发现疑似韵文段落（阈值 > 0.6）

============================================================
分析章节 019: 惠景间侯者年表
============================================================
✓ 发现 1 个疑似韵文段落：

【段落 1】
  位置: 第 123 行起，共 8 行
  韵文得分: 0.95
  字数分布: {4: 16}
  内容预览:
    [4] 〖@惠〗〖@景〗之际，〖=天下〗已平。
    诸〖&吕〗构祸，〖&吴〗〖&楚〗连兵。
    〖;条侯〗出讨，〖;壮武〗奉迎。
    〖@薄〗〖@窦〗恩泽，〖&张〗〖&赵〗忠贞。
    本枝分荫，肺腑归诚。
    ... (共8行)


============================================================
分析章节 020: 建元以来侯者年表
============================================================
✗ 未发现疑似韵文段落（阈值 > 0.6）

============================================================
分析章节 023: 礼书
============================================================
✗ 未发现疑似韵文段落（阈值 > 0.6）

============================================================
分析章节 024: 乐书
============================================================
✗ 未发现疑似韵文段落（阈值 > 0.6）

============================================================
分析章节 025: 律书
============================================================
✗ 未发现疑似韵文段落（阈值 > 0.6）

============================================================
分析章节 033: 鲁周公世家
============================================================
✓ 发现 1 个疑似韵文段落：

【段落 1】
  位置: 第 271 行起，共 8 行
  韵文得分: 0.95
  字数分布: {4: 16}
  内容预览:
    [26.1] 〖@武王〗既没，〖@成王〗幼孤。
    〖@周公〗摄政，负扆据图。
    及还〖#臣〗列，北面歔如。
    元子封〖◆鲁〗，〖=少昊之墟〗。
    夹辅〖;王〗室，系职不渝。
    ... (共8行)


============================================================
分析章节 034: 燕召公世家
============================================================
✓ 发现 1 个疑似韵文段落：

【段落 1】
  位置: 第 172 行起，共 8 行
  韵文得分: 0.95
  字数分布: {4: 16}
  内容预览:
    [24.1] 〖@召伯〗作〖;相〗，分〖=陕〗而治。
    人惠其德，〖{甘棠〗是思。
    庄送霸主，惠罗宠姬。
    〖@文公〗从〖◆赵〗，〖@苏秦〗骋辞。
    〖@易王〗初立，齐宣我欺。
    ... (共8行)


============================================================
分析章节 043: 赵世家
============================================================
✗ 未发现疑似韵文段落（阈值 > 0.6）

============================================================
分析章节 047: 孔子世家
============================================================
✗ 未发现疑似韵文段落（阈值 > 0.6）

============================================================
分析章节 074: 孟子荀卿列传
============================================================
✗ 未发现疑似韵文段落（阈值 > 0.6）

============================================================
分析章节 085: 吕不韦列传
============================================================
✓ 发现 1 个疑似韵文段落：

【段落 1】
  位置: 第 120 行起，共 5 行
  韵文得分: 0.95
  字数分布: {4: 10}
  内容预览:
    [17] 〖@不韦〗钓奇，委质〖@子楚〗。
    〖@华阳〗立嗣，〖=邯郸〗献〖#女〗。
    及封〖=河南〗，乃号〖;仲父〗。
    徙〖◆蜀〗惩谤，悬金作语。
    筹策既成，〖_富贵〗斯⟦◈取⟧。


============================================================
分析章节 088: 蒙恬列传
============================================================
✓ 发现 1 个疑似韵文段落：

【段落 1】
  位置: 第 61 行起，共 5 行
  韵文得分: 0.95
  字数分布: {4: 10}
  内容预览:
    [11] 〖@蒙〗氏〖◆秦〗将，〖;内史〗忠贤。
    〖^长城〗首〖[筑〗，〖$万里〗安边。
    〖@赵高〗矫〖^制〗，〖@扶苏〗死焉。
    绝地何罪？劳人是〖[愆〗。
    呼天欲诉，〖%三代〗良然。


============================================================
分析章节 092: 淮阴侯列传
============================================================
✗ 未发现疑似韵文段落（阈值 > 0.6）

============================================================
分析章节 102: 张释之冯唐列传
============================================================
✓ 发现 1 个疑似韵文段落：

【段落 1】
  位置: 第 74 行起，共 5 行
  韵文得分: 0.95
  字数分布: {4: 10}
  内容预览:
    [16] 〖@张季〗未偶，见识〖@袁盎〗。
    〖;太子〗惧法，〖;啬夫〗无状。
    惊〖~马〗罚金，盗〖•环〗悟上。
    〖@冯公〗白首，味哉论将。
    因对〖@李齐〗，收功〖@魏尚〗。


============================================================
分析章节 103: 万石张叔列传
============================================================
✓ 发现 1 个疑似韵文段落：

【段落 1】
  位置: 第 126 行起，共 5 行
  韵文得分: 0.95
  字数分布: {4: 10}
  内容预览:
    [27] 〖@万石〗孝谨，自家形国。
    〖;郎中〗数〖•马〗，〖;内史〗匍匐。
    〖@绾〗无他肠，〖;塞〗有〖_阴德〗。
    〖^刑名〗〖@张欧〗，垂涕恤狱。
    敏行讷言，俱嗣芳躅。


============================================================
分析章节 104: 田叔列传
============================================================
✓ 发现 1 个疑似韵文段落：

【段落 1】
  位置: 第 82 行起，共 5 行
  韵文得分: 0.95
  字数分布: {4: 10}
  内容预览:
    [18] 〖@田叔〗〖#长者〗，重义轻生。
    〖@张王〗既雪，〖=汉中〗是荣。
    〖@孟舒〗见废，抗说相明。
    按〖=梁〗以礼，相〖◆鲁〗得情。
    〖#子〗〖@仁〗坐事，刺举有声。


============================================================
分析章节 105: 扁鹊仓公列传
============================================================
✓ 发现 1 个疑似韵文段落：

【段落 1】
  位置: 第 202 行起，共 5 行
  韵文得分: 0.95
  字数分布: {4: 10}
  内容预览:
    [50] 上池祕术，〖@长桑〗所传。
    始候〖@赵简〗，知梦〖?钧天〗。
    言占〖◆虢〗嗣，尸蹶起焉。
    〖;仓公〗〖[赎罪〗，〖@阳庆〗推贤。
    效验多状，式具于篇。


============================================================
分析章节 106: 吴王濞列传
============================================================
✓ 发现 1 个疑似韵文段落：

【段落 1】
  位置: 第 90 行起，共 5 行
  韵文得分: 0.95
  字数分布: {4: 10}
  内容预览:
    [21] 〖◆吴〗〖◆楚〗轻悍，王〖@濞〗倍德。
    富因采山，衅成提〖•局〗。
    憍矜贰志，连结〖◆七国〗。
    〖@婴〗命始监，〖@错〗〖[诛〗未塞。
    天之悔祸，卒〖[取〗奔北。


============================================================
分析章节 107: 魏其武安侯列传
============================================================
✓ 发现 1 个疑似韵文段落：

【段落 1】
  位置: 第 118 行起，共 5 行
  韵文得分: 0.92
  字数分布: {5: 1, 4: 9}
  内容预览:
    [28] 〖@窦婴〗、〖@田蚡〗，势利相雄。
    咸倚〖@外戚〗，或恃军功。
    〖@灌夫〗自喜，引重其中。
    意气杯酒，辟睨〖^两宫〗。
    事竟不直，冤哉二公！


============================================================
分析章节 108: 韩长孺列传
============================================================
✓ 发现 1 个疑似韵文段落：

【段落 1】
  位置: 第 68 行起，共 5 行
  韵文得分: 0.95
  字数分布: {4: 10}
  内容预览:
    [15] 〖@安国〗忠厚，初为〖=梁〗将。
    因事〖[坐法〗，免徒起相。
    死灰更然，生虏失防。
    推贤见重，贿金贻谤。
    雪泣悟主，〖#臣〗节可亮。


============================================================
分析章节 109: 李将军列传
============================================================
✓ 发现 1 个疑似韵文段落：

【段落 1】
  位置: 第 80 行起，共 5 行
  韵文得分: 0.95
  字数分布: {4: 10}
  内容预览:
    [20] 猿臂善射，实负其能。
    解〖•鞍〗卻敌，圆阵摧锋。
    边郡屡守，大军再从。
    失道见斥，数奇不封。
    惜哉名将，〖_天下〗无双！


============================================================
分析章节 112: 平津侯主父列传
============================================================
✗ 未发现疑似韵文段落（阈值 > 0.6）

============================================================
分析章节 119: 循吏列传
============================================================
✓ 发现 1 个疑似韵文段落：

【段落 1】
  位置: 第 40 行起，共 10 行
  韵文得分: 0.74
  字数分布: {4: 12, 6: 3, 3: 2, 10: 1, 7: 1, 5: 1}
  内容预览:
    [12] 〖@太史公〗曰：〖@孙叔敖〗出一言，〖=郢〗市复。
    〖@子产〗病死，〖◆郑〗〖#民〗号哭。
    〖@公仪子〗见好〖•布〗而家妇逐。
    〖@石奢〗纵〖#父〗而死，〖◆楚〗〖;昭〗名立。
    〖@李离〗过〖[⟦◉杀⟧〗而伏〖•剑〗，〖◆晋〗〖;文〗以正国法。
    ... (共10行)


============================================================
分析章节 125: 佞幸列传
============================================================
✓ 发现 1 个疑似韵文段落：

【段落 1】
  位置: 第 32 行起，共 6 行
  韵文得分: 0.91
  字数分布: {4: 11, 6: 2, 5: 1, 8: 1}
  内容预览:
    [9] 〖@太史公〗曰：甚哉爱憎之时！〖@弥子瑕〗之行，足以观後人佞幸矣。虽〖%百世〗可知也。
    传称令色，〖^诗〗⟦◉刺⟧〖^巧言〗。
    〖•冠〗〖^璘〗入侍，傅〖•粉〗承恩。
    黄头赐〖◆蜀〗，〖#宦者〗同轩。
    新声〖;都尉〗，挟弹〖@王孙〗。
    ... (共6行)


============================================================
分析章节 126: 滑稽列传
============================================================
✓ 发现 1 个疑似韵文段落：

【段落 1】
  位置: 第 89 行起，共 5 行
  韵文得分: 0.95
  字数分布: {4: 10}
  内容预览:
    [31] 滑稽鸱夷，如脂如韦。
    敏捷之变，学不失词。
    〖@淳于〗索绝，〖◆赵国〗兴师。
    〖◆楚〗优拒相，〖=寝丘〗获祠。
    伟哉〖@方朔〗，〖$三章〗纪之。


============================================================
分析章节 127: 日者列传
============================================================
✓ 发现 1 个疑似韵文段落：

【段落 1】
  位置: 第 98 行起，共 7 行
  韵文得分: 0.83
  字数分布: {2: 1, 5: 2, 1: 1, 8: 1, 4: 10}
  内容预览:
    [41] 制曰：'避诸死忌，以〖^五行〗为主。'
    "人⟦◈取⟧於〖^五行〗者也。
    日者之名，有自来矣。
    〖_吉凶〗占候，著於〖^墨子〗。
    〖◆齐〗〖◆楚〗异法，书亡罕纪。
    ... (共7行)


============================================================
分析章节 128: 龟策列传
============================================================
✓ 发现 1 个疑似韵文段落：

【段落 1】
  位置: 第 217 行起，共 5 行
  韵文得分: 0.95
  字数分布: {4: 10}
  内容预览:
    [98] 〖$三〗王异〖^龟〗，〖$五〗帝殊卜。
    或长或短，若〖•瓦〗若〖•玉〗。
    其记已亡，其繇後续。
    〖=江〗使触网，见留〖◆宋国〗。
    神能讬梦，不卫其足。


============================================================
分析章节 129: 货殖列传
============================================================
✗ 未发现疑似韵文段落（阈值 > 0.6）

============================================================
分析章节 130: 太史公自序
============================================================
✓ 发现 1 个疑似韵文段落：

【段落 1】
  位置: 第 657 行起，共 5 行
  韵文得分: 0.95
  字数分布: {4: 10}
  内容预览:
    [174] 〖;太史〗良才，寔纂先德。
    [175] 周游历览，东〖=西南〗北。
    [176] 事覈词简，是称实录。
    [177] 报〖@任〗投书，申〖@李〗〖[下狱〗。
    [178] 惜哉残缺，非才妄续！


============================================================
✓ 分析完成，结果已保存到: /home/baojie/work/knowledge/shiji-kb/logs/hidden_yunwen_detection.json
============================================================

摘要:
  分析章节数: 33
  发现疑似韵文的章节数: 20
  疑似韵文段落总数: 22

建议人工检查的章节:
  015 六国年表: 3 个疑似段落
  019 惠景间侯者年表: 1 个疑似段落
  033 鲁周公世家: 1 个疑似段落
  034 燕召公世家: 1 个疑似段落
  085 吕不韦列传: 1 个疑似段落
  088 蒙恬列传: 1 个疑似段落
  102 张释之冯唐列传: 1 个疑似段落
  103 万石张叔列传: 1 个疑似段落
  104 田叔列传: 1 个疑似段落
  105 扁鹊仓公列传: 1 个疑似段落
  106 吴王濞列传: 1 个疑似段落
  107 魏其武安侯列传: 1 个疑似段落
  108 韩长孺列传: 1 个疑似段落
  109 李将军列传: 1 个疑似段落
  119 循吏列传: 1 个疑似段落
  125 佞幸列传: 1 个疑似段落
  126 滑稽列传: 1 个疑似段落
  127 日者列传: 1 个疑似段落
  128 龟策列传: 1 个疑似段落
  130 太史公自序: 1 个疑似段落
